<?xml version="1.0" encoding="UTF-8"?>
<!-- Generated by org.testng.reporters.JUnitReportReporter -->
<testsuite hostname="RK-PC" failures="0" tests="1" name="testCasesTestNG.annotatpaart2" time="0.005" errors="0" timestamp="20 Dec 2017 12:21:30 GMT" skipped="0">
  <testcase classname="testCasesTestNG.annotatpaart2" name="test" time="0.005"/>
</testsuite> <!-- testCasesTestNG.annotatpaart2 -->
