<?xml version="1.0" encoding="UTF-8"?>
<!-- Generated by org.testng.reporters.JUnitReportReporter -->
<testsuite hostname="RK-PC" failures="0" tests="1" name="testCases.TC02" time="20.092" errors="0" timestamp="20 Dec 2017 12:51:50 GMT" skipped="0">
  <testcase classname="testCases.TC02" name="Duplicate" time="20.092"/>
</testsuite> <!-- testCases.TC02 -->
