<?xml version="1.0" encoding="UTF-8"?>
<!-- Generated by org.testng.reporters.JUnitReportReporter -->
<testsuite hostname="RK-PC" failures="0" tests="1" name="testCases.TC01" time="35.357" errors="0" timestamp="20 Dec 2017 12:51:50 GMT" skipped="0">
  <testcase classname="testCases.TC01" name="MergeLeads" time="35.357"/>
</testsuite> <!-- testCases.TC01 -->
