<?xml version="1.0" encoding="UTF-8"?>
<!-- Generated by org.testng.reporters.JUnitReportReporter -->
<testsuite hostname="DESKTOP-3NO081U" name="wrapper.LearnReporter" tests="1" failures="0" timestamp="22 Dec 2017 11:30:15 GMT" time="0.325" errors="0">
  <testcase name="reporter" time="0.325" classname="wrapper.LearnReporter"/>
</testsuite> <!-- wrapper.LearnReporter -->
