<?xml version="1.0" encoding="UTF-8"?>
<!-- Generated by org.testng.reporters.JUnitReportReporter -->
<testsuite skipped="0" hostname="DESKTOP-3NO081U" name="practice.TC01" tests="2" failures="0" timestamp="25 Dec 2017 12:11:53 GMT" time="48.914" errors="0">
  <testcase name="login" time="11.059" classname="practice.TC01"/>
  <testcase name="login" time="37.855" classname="practice.TC01"/>
</testsuite> <!-- practice.TC01 -->
