<?xml version="1.0" encoding="UTF-8"?>
<!-- Generated by org.testng.reporters.JUnitReportReporter -->
<testsuite skipped="0" hostname="DESKTOP-3NO081U" name="practice.Excel" tests="1" failures="0" timestamp="25 Dec 2017 11:47:28 GMT" time="0.412" errors="0">
  <testcase name="excel" time="0.412" classname="practice.Excel"/>
</testsuite> <!-- practice.Excel -->
