<?xml version="1.0" encoding="UTF-8"?>
<!-- Generated by org.testng.reporters.JUnitReportReporter -->
<testsuite hostname="RK-PC" failures="0" tests="5" name="testCasesTestNG.Annotations" time="0.016" errors="0" timestamp="20 Dec 2017 12:51:50 GMT" skipped="0">
  <testcase classname="testCasesTestNG.Annotations" name="test" time="0.005"/>
  <testcase classname="testCasesTestNG.Annotations" name="test" time="0.002"/>
  <testcase classname="testCasesTestNG.Annotations" name="test" time="0.003"/>
  <testcase classname="testCasesTestNG.Annotations" name="test" time="0.004"/>
  <testcase classname="testCasesTestNG.Annotations" name="test" time="0.002"/>
</testsuite> <!-- testCasesTestNG.Annotations -->
